<?xml version="1.0" encoding="UTF-8"?>
<coverage generated="1692310865806" clover="3.2.0">
  <project timestamp="1692310865806" name="All files">
    <metrics statements="56" coveredstatements="55" conditionals="7" coveredconditionals="5" methods="23" coveredmethods="23" elements="86" coveredelements="83" complexity="0" loc="56" ncloc="56" packages="1" files="4" classes="4"/>
    <file name="classes.js" path="/root/Personal/http-please/src/classes.js">
      <metrics statements="17" coveredstatements="16" conditionals="3" coveredconditionals="2" methods="9" coveredmethods="9"/>
      <line num="5" count="3" type="stmt"/>
      <line num="8" count="3" type="stmt"/>
      <line num="9" count="3" type="stmt"/>
      <line num="10" count="3" type="stmt"/>
      <line num="11" count="3" type="stmt"/>
      <line num="21" count="3" type="stmt"/>
      <line num="23" count="4" type="stmt"/>
      <line num="24" count="4" type="stmt"/>
      <line num="25" count="4" type="stmt"/>
      <line num="26" count="26" type="stmt"/>
      <line num="29" count="4" type="cond" truecount="1" falsecount="1"/>
      <line num="30" count="0" type="stmt"/>
      <line num="33" count="4" type="stmt"/>
      <line num="38" count="1" type="stmt"/>
      <line num="44" count="10" type="stmt"/>
      <line num="54" count="1" type="stmt"/>
      <line num="63" count="4" type="stmt"/>
    </file>
    <file name="composite.js" path="/root/Personal/http-please/src/composite.js">
      <metrics statements="5" coveredstatements="5" conditionals="1" coveredconditionals="1" methods="2" coveredmethods="2"/>
      <line num="40" count="2" type="stmt"/>
      <line num="42" count="2" type="stmt"/>
      <line num="43" count="2" type="stmt"/>
      <line num="46" count="2" type="stmt"/>
      <line num="57" count="2" type="stmt"/>
    </file>
    <file name="helpers.js" path="/root/Personal/http-please/src/helpers.js">
      <metrics statements="5" coveredstatements="5" conditionals="2" coveredconditionals="2" methods="2" coveredmethods="2"/>
      <line num="2" count="3" type="stmt"/>
      <line num="11" count="4" type="cond" truecount="2" falsecount="0"/>
      <line num="12" count="1" type="stmt"/>
      <line num="15" count="3" type="stmt"/>
      <line num="20" count="3" type="stmt"/>
    </file>
    <file name="methods.js" path="/root/Personal/http-please/src/methods.js">
      <metrics statements="29" coveredstatements="29" conditionals="1" coveredconditionals="0" methods="10" coveredmethods="10"/>
      <line num="4" count="4" type="stmt"/>
      <line num="19" count="1" type="stmt"/>
      <line num="20" count="1" type="stmt"/>
      <line num="21" count="1" type="stmt"/>
      <line num="26" count="1" type="stmt"/>
      <line num="28" count="1" type="stmt"/>
      <line num="29" count="1" type="stmt"/>
      <line num="30" count="1" type="stmt"/>
      <line num="33" count="1" type="stmt"/>
      <line num="39" count="3" type="stmt"/>
      <line num="50" count="1" type="stmt"/>
      <line num="51" count="1" type="stmt"/>
      <line num="55" count="1" type="stmt"/>
      <line num="57" count="1" type="stmt"/>
      <line num="63" count="3" type="stmt"/>
      <line num="75" count="1" type="stmt"/>
      <line num="76" count="1" type="stmt"/>
      <line num="81" count="1" type="stmt"/>
      <line num="82" count="1" type="stmt"/>
      <line num="88" count="3" type="stmt"/>
      <line num="100" count="1" type="stmt"/>
      <line num="101" count="1" type="stmt"/>
      <line num="106" count="1" type="stmt"/>
      <line num="108" count="1" type="stmt"/>
      <line num="114" count="3" type="stmt"/>
      <line num="125" count="1" type="stmt"/>
      <line num="126" count="1" type="stmt"/>
      <line num="130" count="1" type="stmt"/>
      <line num="131" count="1" type="stmt"/>
    </file>
  </project>
</coverage>
