{"/root/Personal/http-please/src/classes.js": {"path":"/root/Personal/http-please/src/classes.js","statementMap":{"0":{"start":{"line":5,"column":13},"end":{"line":5,"column":67}},"1":{"start":{"line":8,"column":4},"end":{"line":8,"column":28}},"2":{"start":{"line":9,"column":4},"end":{"line":9,"column":27}},"3":{"start":{"line":10,"column":4},"end":{"line":10,"column":29}},"4":{"start":{"line":11,"column":4},"end":{"line":11,"column":34}},"5":{"start":{"line":21,"column":4},"end":{"line":34,"column":7}},"6":{"start":{"line":23,"column":32},"end":{"line":23,"column":54}},"7":{"start":{"line":24,"column":20},"end":{"line":27,"column":8}},"8":{"start":{"line":25,"column":8},"end":{"line":25,"column":30}},"9":{"start":{"line":26,"column":8},"end":{"line":26,"column":52}},"10":{"start":{"line":26,"column":41},"end":{"line":26,"column":50}},"11":{"start":{"line":29,"column":6},"end":{"line":31,"column":7}},"12":{"start":{"line":30,"column":8},"end":{"line":30,"column":70}},"13":{"start":{"line":33,"column":6},"end":{"line":33,"column":44}},"14":{"start":{"line":38,"column":4},"end":{"line":38,"column":25}},"15":{"start":{"line":44,"column":4},"end":{"line":44,"column":23}},"16":{"start":{"line":54,"column":4},"end":{"line":54,"column":47}},"17":{"start":{"line":63,"column":4},"end":{"line":63,"column":25}}},"fnMap":{"0":{"name":"(anonymous_0)","decl":{"start":{"line":7,"column":2},"end":{"line":7,"column":3}},"loc":{"start":{"line":7,"column":60},"end":{"line":12,"column":3}}},"1":{"name":"(anonymous_1)","decl":{"start":{"line":20,"column":2},"end":{"line":20,"column":3}},"loc":{"start":{"line":20,"column":35},"end":{"line":35,"column":3}}},"2":{"name":"(anonymous_2)","decl":{"start":{"line":21,"column":28},"end":{"line":21,"column":29}},"loc":{"start":{"line":21,"column":39},"end":{"line":34,"column":5}}},"3":{"name":"(anonymous_3)","decl":{"start":{"line":24,"column":43},"end":{"line":24,"column":44}},"loc":{"start":{"line":24,"column":48},"end":{"line":27,"column":7}}},"4":{"name":"(anonymous_4)","decl":{"start":{"line":26,"column":34},"end":{"line":26,"column":35}},"loc":{"start":{"line":26,"column":41},"end":{"line":26,"column":50}}},"5":{"name":"(anonymous_5)","decl":{"start":{"line":37,"column":2},"end":{"line":37,"column":3}},"loc":{"start":{"line":37,"column":16},"end":{"line":39,"column":3}}},"6":{"name":"(anonymous_6)","decl":{"start":{"line":43,"column":2},"end":{"line":43,"column":3}},"loc":{"start":{"line":43,"column":16},"end":{"line":45,"column":3}}},"7":{"name":"(anonymous_7)","decl":{"start":{"line":53,"column":2},"end":{"line":53,"column":3}},"loc":{"start":{"line":53,"column":28},"end":{"line":55,"column":3}}},"8":{"name":"(anonymous_8)","decl":{"start":{"line":62,"column":2},"end":{"line":62,"column":3}},"loc":{"start":{"line":62,"column":8},"end":{"line":64,"column":3}}}},"branchMap":{"0":{"loc":{"start":{"line":7,"column":30},"end":{"line":7,"column":47}},"type":"default-arg","locations":[{"start":{"line":7,"column":41},"end":{"line":7,"column":47}}]},"1":{"loc":{"start":{"line":29,"column":6},"end":{"line":31,"column":7}},"type":"if","locations":[{"start":{"line":29,"column":6},"end":{"line":31,"column":7}},{"start":{"line":29,"column":6},"end":{"line":31,"column":7}}]}},"s":{"0":3,"1":3,"2":3,"3":3,"4":3,"5":3,"6":4,"7":4,"8":4,"9":4,"10":26,"11":4,"12":0,"13":4,"14":1,"15":10,"16":1,"17":4},"f":{"0":3,"1":3,"2":4,"3":4,"4":26,"5":1,"6":10,"7":1,"8":4},"b":{"0":[1],"1":[0,4]}}
,"/root/Personal/http-please/src/composite.js": {"path":"/root/Personal/http-please/src/composite.js","statementMap":{"0":{"start":{"line":40,"column":15},"end":{"line":40,"column":66}},"1":{"start":{"line":42,"column":16},"end":{"line":44,"column":8}},"2":{"start":{"line":43,"column":4},"end":{"line":43,"column":36}},"3":{"start":{"line":46,"column":22},"end":{"line":55,"column":3}},"4":{"start":{"line":57,"column":2},"end":{"line":57,"column":21}}},"fnMap":{"0":{"name":"CreateHttpPlease","decl":{"start":{"line":34,"column":24},"end":{"line":34,"column":40}},"loc":{"start":{"line":39,"column":3},"end":{"line":58,"column":1}}},"1":{"name":"(anonymous_1)","decl":{"start":{"line":42,"column":31},"end":{"line":42,"column":32}},"loc":{"start":{"line":42,"column":49},"end":{"line":44,"column":3}}}},"branchMap":{"0":{"loc":{"start":{"line":38,"column":2},"end":{"line":38,"column":14}},"type":"default-arg","locations":[{"start":{"line":38,"column":12},"end":{"line":38,"column":14}}]}},"s":{"0":2,"1":2,"2":2,"3":2,"4":2},"f":{"0":2,"1":2},"b":{"0":[1]}}
,"/root/Personal/http-please/src/helpers.js": {"path":"/root/Personal/http-please/src/helpers.js","statementMap":{"0":{"start":{"line":2,"column":2},"end":{"line":22,"column":4}},"1":{"start":{"line":11,"column":6},"end":{"line":13,"column":7}},"2":{"start":{"line":12,"column":8},"end":{"line":12,"column":67}},"3":{"start":{"line":15,"column":20},"end":{"line":18,"column":19}},"4":{"start":{"line":20,"column":6},"end":{"line":20,"column":50}}},"fnMap":{"0":{"name":"formatUrlPlugin","decl":{"start":{"line":1,"column":16},"end":{"line":1,"column":31}},"loc":{"start":{"line":1,"column":34},"end":{"line":23,"column":1}}},"1":{"name":"(anonymous_1)","decl":{"start":{"line":10,"column":4},"end":{"line":10,"column":5}},"loc":{"start":{"line":10,"column":28},"end":{"line":21,"column":5}}}},"branchMap":{"0":{"loc":{"start":{"line":11,"column":6},"end":{"line":13,"column":7}},"type":"if","locations":[{"start":{"line":11,"column":6},"end":{"line":13,"column":7}},{"start":{"line":11,"column":6},"end":{"line":13,"column":7}}]}},"s":{"0":3,"1":4,"2":1,"3":3,"4":3},"f":{"0":3,"1":4},"b":{"0":[1,3]}}
,"/root/Personal/http-please/src/methods.js": {"path":"/root/Personal/http-please/src/methods.js","statementMap":{"0":{"start":{"line":4,"column":2},"end":{"line":35,"column":4}},"1":{"start":{"line":19,"column":23},"end":{"line":19,"column":63}},"2":{"start":{"line":20,"column":23},"end":{"line":20,"column":54}},"3":{"start":{"line":21,"column":23},"end":{"line":24,"column":8}},"4":{"start":{"line":26,"column":20},"end":{"line":26,"column":58}},"5":{"start":{"line":28,"column":6},"end":{"line":31,"column":7}},"6":{"start":{"line":29,"column":38},"end":{"line":29,"column":51}},"7":{"start":{"line":30,"column":8},"end":{"line":30,"column":53}},"8":{"start":{"line":33,"column":6},"end":{"line":33,"column":21}},"9":{"start":{"line":39,"column":2},"end":{"line":59,"column":4}},"10":{"start":{"line":50,"column":27},"end":{"line":50,"column":54}},"11":{"start":{"line":51,"column":23},"end":{"line":54,"column":8}},"12":{"start":{"line":55,"column":6},"end":{"line":55,"column":54}},"13":{"start":{"line":57,"column":6},"end":{"line":57,"column":22}},"14":{"start":{"line":63,"column":2},"end":{"line":84,"column":4}},"15":{"start":{"line":75,"column":27},"end":{"line":75,"column":54}},"16":{"start":{"line":76,"column":23},"end":{"line":80,"column":8}},"17":{"start":{"line":81,"column":6},"end":{"line":81,"column":54}},"18":{"start":{"line":82,"column":6},"end":{"line":82,"column":22}},"19":{"start":{"line":88,"column":2},"end":{"line":110,"column":4}},"20":{"start":{"line":100,"column":27},"end":{"line":100,"column":54}},"21":{"start":{"line":101,"column":23},"end":{"line":105,"column":8}},"22":{"start":{"line":106,"column":6},"end":{"line":106,"column":54}},"23":{"start":{"line":108,"column":6},"end":{"line":108,"column":22}},"24":{"start":{"line":114,"column":2},"end":{"line":133,"column":4}},"25":{"start":{"line":125,"column":27},"end":{"line":125,"column":54}},"26":{"start":{"line":126,"column":23},"end":{"line":129,"column":8}},"27":{"start":{"line":130,"column":6},"end":{"line":130,"column":54}},"28":{"start":{"line":131,"column":6},"end":{"line":131,"column":22}}},"fnMap":{"0":{"name":"fetchPlugin","decl":{"start":{"line":3,"column":16},"end":{"line":3,"column":27}},"loc":{"start":{"line":3,"column":30},"end":{"line":36,"column":1}}},"1":{"name":"(anonymous_1)","decl":{"start":{"line":17,"column":4},"end":{"line":17,"column":5}},"loc":{"start":{"line":17,"column":34},"end":{"line":34,"column":5}}},"2":{"name":"getPlugin","decl":{"start":{"line":38,"column":16},"end":{"line":38,"column":25}},"loc":{"start":{"line":38,"column":28},"end":{"line":60,"column":1}}},"3":{"name":"(anonymous_3)","decl":{"start":{"line":49,"column":4},"end":{"line":49,"column":5}},"loc":{"start":{"line":49,"column":37},"end":{"line":58,"column":5}}},"4":{"name":"postPlugin","decl":{"start":{"line":62,"column":16},"end":{"line":62,"column":26}},"loc":{"start":{"line":62,"column":29},"end":{"line":85,"column":1}}},"5":{"name":"(anonymous_5)","decl":{"start":{"line":74,"column":4},"end":{"line":74,"column":5}},"loc":{"start":{"line":74,"column":44},"end":{"line":83,"column":5}}},"6":{"name":"putPlugin","decl":{"start":{"line":87,"column":16},"end":{"line":87,"column":25}},"loc":{"start":{"line":87,"column":28},"end":{"line":111,"column":1}}},"7":{"name":"(anonymous_7)","decl":{"start":{"line":99,"column":4},"end":{"line":99,"column":5}},"loc":{"start":{"line":99,"column":43},"end":{"line":109,"column":5}}},"8":{"name":"deletePlugin","decl":{"start":{"line":113,"column":16},"end":{"line":113,"column":28}},"loc":{"start":{"line":113,"column":31},"end":{"line":134,"column":1}}},"9":{"name":"(anonymous_9)","decl":{"start":{"line":124,"column":4},"end":{"line":124,"column":5}},"loc":{"start":{"line":124,"column":40},"end":{"line":132,"column":5}}}},"branchMap":{"0":{"loc":{"start":{"line":17,"column":23},"end":{"line":17,"column":32}},"type":"default-arg","locations":[{"start":{"line":17,"column":30},"end":{"line":17,"column":32}}]}},"s":{"0":4,"1":1,"2":1,"3":1,"4":1,"5":1,"6":1,"7":1,"8":1,"9":3,"10":1,"11":1,"12":1,"13":1,"14":3,"15":1,"16":1,"17":1,"18":1,"19":3,"20":1,"21":1,"22":1,"23":1,"24":3,"25":1,"26":1,"27":1,"28":1},"f":{"0":4,"1":1,"2":3,"3":1,"4":3,"5":1,"6":3,"7":1,"8":3,"9":1},"b":{"0":[0]}}
}
